mode: set
github.com/rsarv3006/gosh/builtins.go:17.59,19.2 1 1
github.com/rsarv3006/gosh/builtins.go:21.57,22.17 1 1
github.com/rsarv3006/gosh/builtins.go:23.54,24.14 1 1
github.com/rsarv3006/gosh/builtins.go:25.10,26.15 1 1
github.com/rsarv3006/gosh/builtins.go:30.81,31.17 1 1
github.com/rsarv3006/gosh/builtins.go:32.12,33.20 1 1
github.com/rsarv3006/gosh/builtins.go:34.14,35.22 1 1
github.com/rsarv3006/gosh/builtins.go:36.14,37.22 1 1
github.com/rsarv3006/gosh/builtins.go:38.14,39.28 1 0
github.com/rsarv3006/gosh/builtins.go:40.13,41.21 1 1
github.com/rsarv3006/gosh/builtins.go:42.17,43.25 1 0
github.com/rsarv3006/gosh/builtins.go:44.10,49.4 1 1
github.com/rsarv3006/gosh/builtins.go:53.60,56.19 2 1
github.com/rsarv3006/gosh/builtins.go:56.19,58.3 1 1
github.com/rsarv3006/gosh/builtins.go:61.2,65.16 3 1
github.com/rsarv3006/gosh/builtins.go:65.16,71.3 1 1
github.com/rsarv3006/gosh/builtins.go:73.2,73.19 1 1
github.com/rsarv3006/gosh/builtins.go:73.19,79.3 1 0
github.com/rsarv3006/gosh/builtins.go:82.2,82.43 1 1
github.com/rsarv3006/gosh/builtins.go:82.43,88.3 1 0
github.com/rsarv3006/gosh/builtins.go:90.2,96.3 2 1
github.com/rsarv3006/gosh/builtins.go:99.62,103.19 3 1
github.com/rsarv3006/gosh/builtins.go:103.19,107.17 3 1
github.com/rsarv3006/gosh/builtins.go:107.17,109.4 1 1
github.com/rsarv3006/gosh/builtins.go:112.2,116.3 1 1
github.com/rsarv3006/gosh/builtins.go:119.62,120.20 1 1
github.com/rsarv3006/gosh/builtins.go:120.20,165.3 1 1
github.com/rsarv3006/gosh/builtins.go:168.2,170.21 2 1
github.com/rsarv3006/gosh/builtins.go:170.21,185.3 1 1
github.com/rsarv3006/gosh/builtins.go:187.2,187.23 1 1
github.com/rsarv3006/gosh/builtins.go:187.23,200.3 1 1
github.com/rsarv3006/gosh/builtins.go:202.2,202.23 1 1
github.com/rsarv3006/gosh/builtins.go:202.23,217.3 1 1
github.com/rsarv3006/gosh/builtins.go:220.2,220.23 1 1
github.com/rsarv3006/gosh/builtins.go:220.23,251.3 1 0
github.com/rsarv3006/gosh/builtins.go:254.2,254.27 1 1
github.com/rsarv3006/gosh/builtins.go:254.27,294.3 1 0
github.com/rsarv3006/gosh/builtins.go:297.2,297.51 1 1
github.com/rsarv3006/gosh/builtins.go:297.51,343.3 1 0
github.com/rsarv3006/gosh/builtins.go:346.2,346.26 1 1
github.com/rsarv3006/gosh/builtins.go:346.26,360.3 1 0
github.com/rsarv3006/gosh/builtins.go:363.2,363.119 1 1
github.com/rsarv3006/gosh/builtins.go:363.119,364.56 1 0
github.com/rsarv3006/gosh/builtins.go:364.56,382.4 1 0
github.com/rsarv3006/gosh/builtins.go:384.3,384.67 1 0
github.com/rsarv3006/gosh/builtins.go:384.67,408.4 1 0
github.com/rsarv3006/gosh/builtins.go:412.2,412.76 1 1
github.com/rsarv3006/gosh/builtins.go:412.76,420.3 1 0
github.com/rsarv3006/gosh/builtins.go:422.2,426.3 1 1
github.com/rsarv3006/gosh/builtins.go:430.65,434.25 3 1
github.com/rsarv3006/gosh/builtins.go:434.25,435.34 1 0
github.com/rsarv3006/gosh/builtins.go:435.34,437.4 1 0
github.com/rsarv3006/gosh/builtins.go:438.3,438.41 1 0
github.com/rsarv3006/gosh/builtins.go:438.41,440.4 1 0
github.com/rsarv3006/gosh/builtins.go:443.2,444.23 2 1
github.com/rsarv3006/gosh/builtins.go:444.23,448.3 2 1
github.com/rsarv3006/gosh/builtins.go:450.2,450.15 1 1
github.com/rsarv3006/gosh/builtins.go:450.15,452.3 1 0
github.com/rsarv3006/gosh/builtins.go:454.2,454.17 1 1
github.com/rsarv3006/gosh/builtins.go:454.17,456.65 1 0
github.com/rsarv3006/gosh/builtins.go:456.65,458.4 1 0
github.com/rsarv3006/gosh/builtins.go:459.3,459.114 1 0
github.com/rsarv3006/gosh/builtins.go:465.2,466.47 2 1
github.com/rsarv3006/gosh/builtins.go:466.47,468.3 1 0
github.com/rsarv3006/gosh/builtins.go:469.2,469.56 1 1
github.com/rsarv3006/gosh/builtins.go:469.56,471.74 2 0
github.com/rsarv3006/gosh/builtins.go:471.74,473.4 1 0
github.com/rsarv3006/gosh/builtins.go:477.2,478.18 2 1
github.com/rsarv3006/gosh/builtins.go:478.18,485.35 7 1
github.com/rsarv3006/gosh/builtins.go:485.35,487.4 1 1
github.com/rsarv3006/gosh/builtins.go:488.3,488.62 1 0
github.com/rsarv3006/gosh/builtins.go:492.2,492.49 1 0
github.com/rsarv3006/gosh/builtins.go:492.49,495.35 3 0
github.com/rsarv3006/gosh/builtins.go:495.35,497.4 1 0
github.com/rsarv3006/gosh/builtins.go:498.3,498.62 1 0
github.com/rsarv3006/gosh/builtins.go:501.2,501.53 1 0
github.com/rsarv3006/gosh/builtins.go:501.53,504.35 3 0
github.com/rsarv3006/gosh/builtins.go:504.35,506.4 1 0
github.com/rsarv3006/gosh/builtins.go:507.3,507.62 1 0
github.com/rsarv3006/gosh/builtins.go:511.2,511.70 1 0
github.com/rsarv3006/gosh/builtins.go:515.61,520.2 1 1
github.com/rsarv3006/gosh/builtins.go:522.68,524.19 2 0
github.com/rsarv3006/gosh/builtins.go:524.19,530.3 1 0
github.com/rsarv3006/gosh/builtins.go:532.2,535.53 2 0
github.com/rsarv3006/gosh/builtins.go:535.53,541.3 1 0
github.com/rsarv3006/gosh/builtins.go:544.2,545.54 2 0
github.com/rsarv3006/gosh/builtins.go:545.54,554.77 2 0
github.com/rsarv3006/gosh/builtins.go:554.77,560.4 1 0
github.com/rsarv3006/gosh/builtins.go:561.3,561.36 1 0
github.com/rsarv3006/gosh/builtins.go:562.8,564.3 1 0
github.com/rsarv3006/gosh/builtins.go:567.2,568.55 2 0
github.com/rsarv3006/gosh/builtins.go:568.55,671.79 2 0
github.com/rsarv3006/gosh/builtins.go:671.79,677.4 1 0
github.com/rsarv3006/gosh/builtins.go:678.3,678.37 1 0
github.com/rsarv3006/gosh/builtins.go:679.8,681.3 1 0
github.com/rsarv3006/gosh/builtins.go:684.2,690.3 3 0
github.com/rsarv3006/gosh/colors.go:145.38,152.2 1 1
github.com/rsarv3006/gosh/colors.go:155.30,157.33 1 1
github.com/rsarv3006/gosh/colors.go:157.33,159.3 1 0
github.com/rsarv3006/gosh/colors.go:163.2,163.14 1 1
github.com/rsarv3006/gosh/colors.go:167.39,168.25 1 1
github.com/rsarv3006/gosh/colors.go:168.25,170.3 1 0
github.com/rsarv3006/gosh/colors.go:172.2,172.27 1 1
github.com/rsarv3006/gosh/colors.go:173.14,175.54 1 1
github.com/rsarv3006/gosh/colors.go:175.54,178.4 2 1
github.com/rsarv3006/gosh/colors.go:181.3,184.12 2 1
github.com/rsarv3006/gosh/colors.go:185.16,187.32 2 0
github.com/rsarv3006/gosh/colors.go:188.15,190.32 2 0
github.com/rsarv3006/gosh/colors.go:193.18,196.36 2 0
github.com/rsarv3006/gosh/colors.go:201.46,202.25 1 0
github.com/rsarv3006/gosh/colors.go:202.25,204.3 1 0
github.com/rsarv3006/gosh/colors.go:206.2,206.36 1 0
github.com/rsarv3006/gosh/colors.go:207.26,208.46 1 0
github.com/rsarv3006/gosh/colors.go:209.27,210.46 1 0
github.com/rsarv3006/gosh/colors.go:211.30,212.46 1 0
github.com/rsarv3006/gosh/colors.go:213.26,214.46 1 0
github.com/rsarv3006/gosh/colors.go:215.16,216.43 1 0
github.com/rsarv3006/gosh/colors.go:220.47,221.25 1 0
github.com/rsarv3006/gosh/colors.go:221.25,223.3 1 0
github.com/rsarv3006/gosh/colors.go:225.2,225.37 1 0
github.com/rsarv3006/gosh/colors.go:226.17,227.44 1 0
github.com/rsarv3006/gosh/colors.go:228.15,229.42 1 0
github.com/rsarv3006/gosh/colors.go:230.14,231.41 1 0
github.com/rsarv3006/gosh/colors.go:232.16,233.43 1 0
github.com/rsarv3006/gosh/colors.go:238.68,239.30 1 0
github.com/rsarv3006/gosh/colors.go:239.30,241.3 1 0
github.com/rsarv3006/gosh/colors.go:243.2,244.19 2 0
github.com/rsarv3006/gosh/colors.go:245.19,246.36 1 0
github.com/rsarv3006/gosh/colors.go:247.20,248.36 1 0
github.com/rsarv3006/gosh/colors.go:249.20,250.36 1 0
github.com/rsarv3006/gosh/colors.go:251.19,252.36 1 0
github.com/rsarv3006/gosh/colors.go:253.16,254.33 1 0
github.com/rsarv3006/gosh/colors.go:255.10,256.14 1 0
github.com/rsarv3006/gosh/colors.go:259.2,259.17 1 0
github.com/rsarv3006/gosh/colors.go:259.17,261.3 1 0
github.com/rsarv3006/gosh/colors.go:263.2,263.75 1 0
github.com/rsarv3006/gosh/colors.go:267.69,268.30 1 0
github.com/rsarv3006/gosh/colors.go:268.30,270.3 1 0
github.com/rsarv3006/gosh/colors.go:272.2,273.20 2 0
github.com/rsarv3006/gosh/colors.go:274.17,275.34 1 0
github.com/rsarv3006/gosh/colors.go:276.15,277.32 1 0
github.com/rsarv3006/gosh/colors.go:278.14,279.31 1 0
github.com/rsarv3006/gosh/colors.go:280.16,281.33 1 0
github.com/rsarv3006/gosh/colors.go:282.10,283.14 1 0
github.com/rsarv3006/gosh/colors.go:286.2,286.17 1 0
github.com/rsarv3006/gosh/colors.go:286.17,288.3 1 0
github.com/rsarv3006/gosh/colors.go:290.2,290.75 1 0
github.com/rsarv3006/gosh/colors.go:295.38,296.25 1 1
github.com/rsarv3006/gosh/colors.go:296.25,298.3 1 1
github.com/rsarv3006/gosh/colors.go:299.2,299.21 1 1
github.com/rsarv3006/gosh/colors.go:303.37,305.2 1 1
github.com/rsarv3006/gosh/colors.go:308.71,309.45 1 1
github.com/rsarv3006/gosh/colors.go:309.45,311.3 1 0
github.com/rsarv3006/gosh/colors.go:313.2,314.21 2 1
github.com/rsarv3006/gosh/colors.go:315.17,316.36 1 1
github.com/rsarv3006/gosh/colors.go:317.16,318.35 1 0
github.com/rsarv3006/gosh/colors.go:319.14,320.33 1 0
github.com/rsarv3006/gosh/colors.go:321.10,322.14 1 0
github.com/rsarv3006/gosh/colors.go:325.2,325.17 1 1
github.com/rsarv3006/gosh/colors.go:325.17,327.3 1 0
github.com/rsarv3006/gosh/colors.go:329.2,329.75 1 1
github.com/rsarv3006/gosh/colors.go:334.42,335.25 1 1
github.com/rsarv3006/gosh/colors.go:335.25,337.3 1 0
github.com/rsarv3006/gosh/colors.go:338.2,338.21 1 1
github.com/rsarv3006/gosh/colors.go:342.41,345.2 0 1
github.com/rsarv3006/gosh/colors.go:348.28,350.34 2 1
github.com/rsarv3006/gosh/colors.go:350.34,352.3 1 1
github.com/rsarv3006/gosh/colors.go:353.2,353.15 1 1
github.com/rsarv3006/gosh/colors.go:357.35,358.25 1 1
github.com/rsarv3006/gosh/colors.go:358.25,360.3 1 0
github.com/rsarv3006/gosh/colors.go:361.2,361.33 1 1
github.com/rsarv3006/gosh/colors.go:365.26,366.25 1 1
github.com/rsarv3006/gosh/colors.go:366.25,368.3 1 0
github.com/rsarv3006/gosh/colors.go:370.2,386.49 17 1
github.com/rsarv3006/gosh/colors.go:390.27,391.25 1 1
github.com/rsarv3006/gosh/colors.go:391.25,393.3 1 0
github.com/rsarv3006/gosh/colors.go:395.2,419.70 2 1
github.com/rsarv3006/gosh/colors.go:423.36,445.2 1 0
github.com/rsarv3006/gosh/colors.go:448.35,470.2 1 0
github.com/rsarv3006/gosh/completer.go:24.72,33.12 5 1
github.com/rsarv3006/gosh/completer.go:33.12,34.52 1 1
github.com/rsarv3006/gosh/completer.go:34.52,36.4 1 0
github.com/rsarv3006/gosh/completer.go:36.9,38.4 1 1
github.com/rsarv3006/gosh/completer.go:42.2,42.9 1 1
github.com/rsarv3006/gosh/completer.go:43.24,46.43 3 0
github.com/rsarv3006/gosh/completer.go:47.24,50.19 2 1
github.com/rsarv3006/gosh/completer.go:51.45,54.19 2 0
github.com/rsarv3006/gosh/completer.go:57.2,63.3 1 1
github.com/rsarv3006/gosh/completer.go:67.74,75.2 1 1
github.com/rsarv3006/gosh/completer.go:78.58,80.2 1 0
github.com/rsarv3006/gosh/completer.go:83.81,92.20 2 1
github.com/rsarv3006/gosh/completer.go:92.20,94.96 2 1
github.com/rsarv3006/gosh/completer.go:94.96,96.12 2 1
github.com/rsarv3006/gosh/completer.go:98.3,98.8 1 1
github.com/rsarv3006/gosh/completer.go:101.2,112.10 8 1
github.com/rsarv3006/gosh/completer.go:112.10,118.3 3 1
github.com/rsarv3006/gosh/completer.go:118.8,118.34 1 1
github.com/rsarv3006/gosh/completer.go:118.34,121.39 2 1
github.com/rsarv3006/gosh/completer.go:121.39,123.4 1 1
github.com/rsarv3006/gosh/completer.go:124.3,124.47 1 1
github.com/rsarv3006/gosh/completer.go:125.8,128.3 2 1
github.com/rsarv3006/gosh/completer.go:132.2,132.35 1 1
github.com/rsarv3006/gosh/completer.go:136.83,141.44 2 1
github.com/rsarv3006/gosh/completer.go:141.44,145.87 2 0
github.com/rsarv3006/gosh/completer.go:145.87,148.4 2 0
github.com/rsarv3006/gosh/completer.go:149.3,149.91 1 0
github.com/rsarv3006/gosh/completer.go:151.8,152.19 1 1
github.com/rsarv3006/gosh/completer.go:152.19,154.4 1 0
github.com/rsarv3006/gosh/completer.go:154.9,156.4 1 1
github.com/rsarv3006/gosh/completer.go:160.2,167.18 4 1
github.com/rsarv3006/gosh/completer.go:168.28,169.56 1 0
github.com/rsarv3006/gosh/completer.go:170.23,173.28 2 0
github.com/rsarv3006/gosh/completer.go:173.28,176.4 1 0
github.com/rsarv3006/gosh/completer.go:177.34,179.28 2 0
github.com/rsarv3006/gosh/completer.go:179.28,182.4 1 0
github.com/rsarv3006/gosh/completer.go:183.27,185.28 2 0
github.com/rsarv3006/gosh/completer.go:185.28,188.4 1 0
github.com/rsarv3006/gosh/completer.go:189.30,191.28 2 0
github.com/rsarv3006/gosh/completer.go:191.28,202.4 3 0
github.com/rsarv3006/gosh/completer.go:203.10,209.38 2 1
github.com/rsarv3006/gosh/completer.go:209.38,217.34 4 0
github.com/rsarv3006/gosh/completer.go:217.34,219.5 1 0
github.com/rsarv3006/gosh/completer.go:221.4,221.38 1 0
github.com/rsarv3006/gosh/completer.go:221.38,222.23 1 0
github.com/rsarv3006/gosh/completer.go:222.23,225.6 2 0
github.com/rsarv3006/gosh/completer.go:228.4,228.37 1 0
github.com/rsarv3006/gosh/completer.go:228.37,229.23 1 0
github.com/rsarv3006/gosh/completer.go:229.23,232.6 2 0
github.com/rsarv3006/gosh/completer.go:234.9,237.32 2 1
github.com/rsarv3006/gosh/completer.go:237.32,238.45 1 0
github.com/rsarv3006/gosh/completer.go:238.45,240.6 1 0
github.com/rsarv3006/gosh/completer.go:245.3,245.46 1 1
github.com/rsarv3006/gosh/completer.go:245.46,251.4 1 0
github.com/rsarv3006/gosh/completer.go:252.3,252.48 1 1
github.com/rsarv3006/gosh/completer.go:252.48,258.4 1 0
github.com/rsarv3006/gosh/completer.go:259.3,259.45 1 1
github.com/rsarv3006/gosh/completer.go:259.45,265.4 1 0
github.com/rsarv3006/gosh/completer.go:266.3,266.44 1 1
github.com/rsarv3006/gosh/completer.go:266.44,272.4 1 0
github.com/rsarv3006/gosh/completer.go:276.2,279.41 3 1
github.com/rsarv3006/gosh/completer.go:279.41,285.56 3 0
github.com/rsarv3006/gosh/completer.go:285.56,287.4 1 0
github.com/rsarv3006/gosh/completer.go:287.9,290.4 1 0
github.com/rsarv3006/gosh/completer.go:291.3,291.44 1 0
github.com/rsarv3006/gosh/completer.go:294.2,296.16 2 1
github.com/rsarv3006/gosh/completer.go:299.61,300.27 1 0
github.com/rsarv3006/gosh/completer.go:300.27,301.22 1 0
github.com/rsarv3006/gosh/completer.go:301.22,303.4 1 0
github.com/rsarv3006/gosh/completer.go:305.2,305.14 1 0
github.com/rsarv3006/gosh/completer.go:309.84,314.16 3 0
github.com/rsarv3006/gosh/completer.go:314.16,317.3 2 0
github.com/rsarv3006/gosh/completer.go:319.2,326.41 4 0
github.com/rsarv3006/gosh/completer.go:326.41,327.51 1 0
github.com/rsarv3006/gosh/completer.go:327.51,331.4 3 0
github.com/rsarv3006/gosh/completer.go:334.2,335.16 2 0
github.com/rsarv3006/gosh/completer.go:339.35,340.41 1 0
github.com/rsarv3006/gosh/completer.go:340.41,341.49 1 0
github.com/rsarv3006/gosh/completer.go:341.49,343.4 1 0
github.com/rsarv3006/gosh/completer.go:348.67,351.19 2 1
github.com/rsarv3006/gosh/completer.go:351.19,353.3 1 1
github.com/rsarv3006/gosh/completer.go:356.2,357.31 2 1
github.com/rsarv3006/gosh/completer.go:357.31,358.38 1 1
github.com/rsarv3006/gosh/completer.go:358.38,361.4 2 1
github.com/rsarv3006/gosh/completer.go:365.2,365.42 1 1
github.com/rsarv3006/gosh/completer.go:365.42,368.3 2 1
github.com/rsarv3006/gosh/completer.go:371.2,374.16 3 1
github.com/rsarv3006/gosh/completer.go:378.73,379.17 1 1
github.com/rsarv3006/gosh/completer.go:379.17,381.3 1 1
github.com/rsarv3006/gosh/completer.go:384.2,384.84 1 1
github.com/rsarv3006/gosh/completer.go:384.84,386.3 1 1
github.com/rsarv3006/gosh/completer.go:389.2,389.19 1 0
github.com/rsarv3006/gosh/completer.go:389.19,392.32 3 0
github.com/rsarv3006/gosh/completer.go:392.32,393.41 1 0
github.com/rsarv3006/gosh/completer.go:393.41,397.5 2 0
github.com/rsarv3006/gosh/completer.go:399.3,399.17 1 0
github.com/rsarv3006/gosh/completer.go:403.2,403.40 1 0
github.com/rsarv3006/gosh/completer.go:407.79,415.37 5 1
github.com/rsarv3006/gosh/completer.go:415.37,418.3 2 0
github.com/rsarv3006/gosh/completer.go:421.2,425.66 4 1
github.com/rsarv3006/gosh/completer.go:425.66,427.16 2 0
github.com/rsarv3006/gosh/completer.go:427.16,429.4 1 0
github.com/rsarv3006/gosh/completer.go:430.3,430.34 1 0
github.com/rsarv3006/gosh/completer.go:434.2,434.17 1 1
github.com/rsarv3006/gosh/completer.go:434.17,435.34 1 0
github.com/rsarv3006/gosh/completer.go:435.34,437.4 1 0
github.com/rsarv3006/gosh/completer.go:440.2,441.16 2 1
github.com/rsarv3006/gosh/completer.go:441.16,443.3 1 0
github.com/rsarv3006/gosh/completer.go:445.2,445.29 1 1
github.com/rsarv3006/gosh/completer.go:445.29,446.32 1 1
github.com/rsarv3006/gosh/completer.go:446.32,447.12 1 1
github.com/rsarv3006/gosh/completer.go:450.3,451.39 2 1
github.com/rsarv3006/gosh/completer.go:451.39,454.20 2 1
github.com/rsarv3006/gosh/completer.go:454.20,456.5 1 1
github.com/rsarv3006/gosh/completer.go:459.4,460.23 2 1
github.com/rsarv3006/gosh/completer.go:460.23,463.5 1 1
github.com/rsarv3006/gosh/completer.go:463.10,466.20 2 0
github.com/rsarv3006/gosh/completer.go:466.20,470.6 2 0
github.com/rsarv3006/gosh/completer.go:470.11,472.6 1 0
github.com/rsarv3006/gosh/completer.go:473.5,473.59 1 0
github.com/rsarv3006/gosh/completer.go:476.4,476.45 1 1
github.com/rsarv3006/gosh/completer.go:480.2,480.16 1 1
github.com/rsarv3006/gosh/completer.go:484.79,491.31 4 1
github.com/rsarv3006/gosh/completer.go:491.31,492.16 1 1
github.com/rsarv3006/gosh/completer.go:492.16,493.12 1 0
github.com/rsarv3006/gosh/completer.go:496.3,497.17 2 1
github.com/rsarv3006/gosh/completer.go:497.17,498.12 1 1
github.com/rsarv3006/gosh/completer.go:501.3,501.33 1 1
github.com/rsarv3006/gosh/completer.go:501.33,502.21 1 1
github.com/rsarv3006/gosh/completer.go:502.21,503.13 1 1
github.com/rsarv3006/gosh/completer.go:506.4,510.18 3 1
github.com/rsarv3006/gosh/completer.go:510.18,511.13 1 0
github.com/rsarv3006/gosh/completer.go:514.4,514.36 1 1
github.com/rsarv3006/gosh/completer.go:514.36,515.13 1 1
github.com/rsarv3006/gosh/completer.go:519.4,519.18 1 1
github.com/rsarv3006/gosh/completer.go:519.18,520.13 1 1
github.com/rsarv3006/gosh/completer.go:522.4,524.40 2 1
github.com/rsarv3006/gosh/completer.go:524.40,527.5 2 1
github.com/rsarv3006/gosh/completer.go:531.2,531.16 1 1
github.com/rsarv3006/gosh/completer.go:535.70,539.16 3 1
github.com/rsarv3006/gosh/completer.go:539.16,541.3 1 1
github.com/rsarv3006/gosh/completer.go:543.2,543.32 1 1
github.com/rsarv3006/gosh/completer.go:543.32,544.20 1 1
github.com/rsarv3006/gosh/completer.go:544.20,545.12 1 0
github.com/rsarv3006/gosh/completer.go:548.3,552.17 3 1
github.com/rsarv3006/gosh/completer.go:552.17,553.12 1 0
github.com/rsarv3006/gosh/completer.go:556.3,556.35 1 1
github.com/rsarv3006/gosh/completer.go:556.35,557.12 1 0
github.com/rsarv3006/gosh/completer.go:560.3,560.39 1 1
github.com/rsarv3006/gosh/completer.go:560.39,563.4 2 1
github.com/rsarv3006/gosh/completer.go:566.2,566.16 1 1
github.com/rsarv3006/gosh/context_analyzer.go:37.44,39.2 1 1
github.com/rsarv3006/gosh/context_analyzer.go:42.66,43.20 1 1
github.com/rsarv3006/gosh/context_analyzer.go:43.20,45.3 1 1
github.com/rsarv3006/gosh/context_analyzer.go:46.2,47.22 2 1
github.com/rsarv3006/gosh/context_analyzer.go:47.22,49.3 1 0
github.com/rsarv3006/gosh/context_analyzer.go:52.2,55.39 1 1
github.com/rsarv3006/gosh/context_analyzer.go:55.39,57.3 1 1
github.com/rsarv3006/gosh/context_analyzer.go:60.2,61.20 2 1
github.com/rsarv3006/gosh/context_analyzer.go:61.20,63.37 2 1
github.com/rsarv3006/gosh/context_analyzer.go:63.37,64.23 1 1
github.com/rsarv3006/gosh/context_analyzer.go:64.23,66.5 1 1
github.com/rsarv3006/gosh/context_analyzer.go:71.2,80.37 2 1
github.com/rsarv3006/gosh/context_analyzer.go:80.37,81.44 1 1
github.com/rsarv3006/gosh/context_analyzer.go:81.44,83.4 1 0
github.com/rsarv3006/gosh/context_analyzer.go:88.2,88.39 1 1
github.com/rsarv3006/gosh/context_analyzer.go:88.39,89.33 1 0
github.com/rsarv3006/gosh/context_analyzer.go:89.33,90.26 1 0
github.com/rsarv3006/gosh/context_analyzer.go:90.26,96.41 2 0
github.com/rsarv3006/gosh/context_analyzer.go:96.41,98.6 1 0
github.com/rsarv3006/gosh/context_analyzer.go:104.2,109.41 1 1
github.com/rsarv3006/gosh/context_analyzer.go:109.41,111.3 1 0
github.com/rsarv3006/gosh/context_analyzer.go:114.2,114.80 1 1
github.com/rsarv3006/gosh/context_analyzer.go:114.80,116.3 1 0
github.com/rsarv3006/gosh/context_analyzer.go:119.2,119.78 1 1
github.com/rsarv3006/gosh/context_analyzer.go:119.78,122.30 1 0
github.com/rsarv3006/gosh/context_analyzer.go:122.30,124.57 1 0
github.com/rsarv3006/gosh/context_analyzer.go:124.57,126.5 1 0
github.com/rsarv3006/gosh/context_analyzer.go:131.2,132.33 2 1
github.com/rsarv3006/gosh/context_analyzer.go:132.33,133.39 1 1
github.com/rsarv3006/gosh/context_analyzer.go:133.39,135.4 1 0
github.com/rsarv3006/gosh/context_analyzer.go:139.2,139.28 1 1
github.com/rsarv3006/gosh/context_analyzer.go:143.82,144.21 1 1
github.com/rsarv3006/gosh/context_analyzer.go:144.21,146.3 1 0
github.com/rsarv3006/gosh/context_analyzer.go:148.2,151.35 2 1
github.com/rsarv3006/gosh/context_analyzer.go:151.35,158.3 1 0
github.com/rsarv3006/gosh/context_analyzer.go:161.2,161.74 1 1
github.com/rsarv3006/gosh/context_analyzer.go:161.74,169.3 1 0
github.com/rsarv3006/gosh/context_analyzer.go:172.2,172.41 1 1
github.com/rsarv3006/gosh/context_analyzer.go:172.41,179.3 1 0
github.com/rsarv3006/gosh/context_analyzer.go:182.2,182.48 1 1
github.com/rsarv3006/gosh/context_analyzer.go:182.48,189.3 1 0
github.com/rsarv3006/gosh/context_analyzer.go:192.2,192.44 1 1
github.com/rsarv3006/gosh/context_analyzer.go:192.44,199.3 1 0
github.com/rsarv3006/gosh/context_analyzer.go:202.2,202.42 1 1
github.com/rsarv3006/gosh/context_analyzer.go:202.42,209.3 1 0
github.com/rsarv3006/gosh/context_analyzer.go:212.2,217.3 1 1
github.com/rsarv3006/gosh/context_analyzer.go:221.72,223.16 2 1
github.com/rsarv3006/gosh/context_analyzer.go:223.16,225.62 2 1
github.com/rsarv3006/gosh/context_analyzer.go:225.62,226.9 1 1
github.com/rsarv3006/gosh/context_analyzer.go:228.3,228.10 1 1
github.com/rsarv3006/gosh/context_analyzer.go:230.2,230.27 1 1
github.com/rsarv3006/gosh/context_analyzer.go:234.67,238.2 1 1
github.com/rsarv3006/gosh/context_analyzer.go:241.70,243.35 2 1
github.com/rsarv3006/gosh/context_analyzer.go:243.35,245.3 1 1
github.com/rsarv3006/gosh/context_analyzer.go:248.2,252.22 3 0
github.com/rsarv3006/gosh/context_analyzer.go:252.22,254.62 2 0
github.com/rsarv3006/gosh/context_analyzer.go:254.62,256.9 2 0
github.com/rsarv3006/gosh/context_analyzer.go:258.3,258.15 1 0
github.com/rsarv3006/gosh/context_analyzer.go:260.2,260.20 1 0
github.com/rsarv3006/gosh/context_analyzer.go:260.20,262.3 1 0
github.com/rsarv3006/gosh/context_analyzer.go:265.2,265.28 1 0
github.com/rsarv3006/gosh/context_analyzer.go:265.28,268.33 2 0
github.com/rsarv3006/gosh/context_analyzer.go:268.33,270.4 1 0
github.com/rsarv3006/gosh/context_analyzer.go:273.2,273.11 1 0
github.com/rsarv3006/gosh/context_analyzer.go:277.60,278.17 1 0
github.com/rsarv3006/gosh/context_analyzer.go:278.17,280.3 1 0
github.com/rsarv3006/gosh/context_analyzer.go:282.2,282.22 1 0
github.com/rsarv3006/gosh/context_analyzer.go:282.22,283.13 1 0
github.com/rsarv3006/gosh/context_analyzer.go:283.13,284.40 1 0
github.com/rsarv3006/gosh/context_analyzer.go:284.40,286.5 1 0
github.com/rsarv3006/gosh/context_analyzer.go:287.9,288.63 1 0
github.com/rsarv3006/gosh/context_analyzer.go:288.63,290.5 1 0
github.com/rsarv3006/gosh/context_analyzer.go:294.2,294.13 1 0
github.com/rsarv3006/gosh/context_analyzer.go:298.73,300.79 1 1
github.com/rsarv3006/gosh/context_analyzer.go:300.79,302.3 1 0
github.com/rsarv3006/gosh/context_analyzer.go:310.2,311.20 2 1
github.com/rsarv3006/gosh/context_analyzer.go:311.20,313.3 1 1
github.com/rsarv3006/gosh/context_analyzer.go:316.2,316.53 1 0
github.com/rsarv3006/gosh/context_analyzer.go:316.53,318.3 1 0
github.com/rsarv3006/gosh/context_analyzer.go:321.2,322.57 2 0
github.com/rsarv3006/gosh/context_analyzer.go:322.57,324.3 1 0
github.com/rsarv3006/gosh/context_analyzer.go:325.2,325.13 1 0
github.com/rsarv3006/gosh/context_analyzer.go:325.13,327.3 1 0
github.com/rsarv3006/gosh/context_analyzer.go:329.2,331.88 2 0
github.com/rsarv3006/gosh/context_analyzer.go:331.88,333.3 1 0
github.com/rsarv3006/gosh/context_analyzer.go:335.2,335.14 1 0
github.com/rsarv3006/gosh/context_analyzer.go:339.80,343.2 1 1
github.com/rsarv3006/gosh/context_analyzer.go:346.76,350.2 1 1
github.com/rsarv3006/gosh/context_analyzer.go:353.74,356.2 1 1
github.com/rsarv3006/gosh/context_analyzer.go:359.78,362.44 1 0
github.com/rsarv3006/gosh/context_analyzer.go:362.44,363.27 1 0
github.com/rsarv3006/gosh/context_analyzer.go:363.27,365.4 1 0
github.com/rsarv3006/gosh/context_analyzer.go:366.3,366.62 1 0
github.com/rsarv3006/gosh/context_analyzer.go:366.62,369.4 1 0
github.com/rsarv3006/gosh/context_analyzer.go:371.2,371.14 1 0
github.com/rsarv3006/gosh/context_analyzer.go:375.66,400.2 2 0
github.com/rsarv3006/gosh/context_analyzer.go:403.90,407.15 2 0
github.com/rsarv3006/gosh/context_analyzer.go:408.13,415.8 1 0
github.com/rsarv3006/gosh/context_analyzer.go:417.12,426.8 1 0
github.com/rsarv3006/gosh/context_analyzer.go:428.17,438.8 1 0
github.com/rsarv3006/gosh/context_analyzer.go:442.2,443.35 2 0
github.com/rsarv3006/gosh/context_analyzer.go:443.35,444.45 1 0
github.com/rsarv3006/gosh/context_analyzer.go:444.45,446.4 1 0
github.com/rsarv3006/gosh/context_analyzer.go:449.2,449.17 1 0
github.com/rsarv3006/gosh/context_analyzer.go:453.83,464.33 3 0
github.com/rsarv3006/gosh/context_analyzer.go:464.33,465.45 1 0
github.com/rsarv3006/gosh/context_analyzer.go:465.45,467.4 1 0
github.com/rsarv3006/gosh/context_analyzer.go:470.2,470.17 1 0
github.com/rsarv3006/gosh/context_analyzer.go:474.83,487.33 3 0
github.com/rsarv3006/gosh/context_analyzer.go:487.33,488.45 1 0
github.com/rsarv3006/gosh/context_analyzer.go:488.45,490.4 1 0
github.com/rsarv3006/gosh/context_analyzer.go:493.2,493.17 1 0
github.com/rsarv3006/gosh/context_analyzer.go:497.92,500.18 2 0
github.com/rsarv3006/gosh/context_analyzer.go:501.28,502.40 1 0
github.com/rsarv3006/gosh/context_analyzer.go:503.23,504.64 1 0
github.com/rsarv3006/gosh/context_analyzer.go:505.34,506.53 1 0
github.com/rsarv3006/gosh/context_analyzer.go:507.27,508.53 1 0
github.com/rsarv3006/gosh/context_analyzer.go:509.30,519.4 1 0
github.com/rsarv3006/gosh/context_analyzer.go:520.10,523.77 2 0
github.com/rsarv3006/gosh/context_analyzer.go:526.2,526.20 1 0
github.com/rsarv3006/gosh/debug.go:11.49,12.12 1 1
github.com/rsarv3006/gosh/debug.go:12.12,14.3 1 1
github.com/rsarv3006/gosh/debug.go:15.2,15.41 1 0
github.com/rsarv3006/gosh/debug.go:18.35,19.12 1 1
github.com/rsarv3006/gosh/debug.go:19.12,21.3 1 1
github.com/rsarv3006/gosh/debug.go:22.2,22.34 1 0
github.com/rsarv3006/gosh/env.go:17.67,19.2 1 1
github.com/rsarv3006/gosh/env.go:22.55,25.13 2 1
github.com/rsarv3006/gosh/env.go:25.13,27.3 1 0
github.com/rsarv3006/gosh/env.go:27.8,29.3 1 1
github.com/rsarv3006/gosh/env.go:32.2,32.26 1 1
github.com/rsarv3006/gosh/env.go:36.51,38.75 1 1
github.com/rsarv3006/gosh/env.go:38.75,40.3 1 0
github.com/rsarv3006/gosh/env.go:43.2,43.34 1 1
github.com/rsarv3006/gosh/env.go:43.34,45.3 1 0
github.com/rsarv3006/gosh/env.go:47.2,47.14 1 1
github.com/rsarv3006/gosh/env.go:51.55,53.16 2 0
github.com/rsarv3006/gosh/env.go:53.16,55.3 1 0
github.com/rsarv3006/gosh/env.go:57.2,57.16 1 0
github.com/rsarv3006/gosh/env.go:57.16,59.3 1 0
github.com/rsarv3006/gosh/env.go:62.2,74.42 3 0
github.com/rsarv3006/gosh/env.go:74.42,76.46 2 0
github.com/rsarv3006/gosh/env.go:76.46,78.4 1 0
github.com/rsarv3006/gosh/env.go:82.2,82.33 1 0
github.com/rsarv3006/gosh/env.go:86.67,94.48 2 1
github.com/rsarv3006/gosh/env.go:94.48,96.46 2 1
github.com/rsarv3006/gosh/env.go:96.46,98.4 1 1
github.com/rsarv3006/gosh/env.go:103.51,111.43 2 0
github.com/rsarv3006/gosh/env.go:111.43,112.48 1 0
github.com/rsarv3006/gosh/env.go:112.48,114.4 1 0
github.com/rsarv3006/gosh/env.go:119.70,121.16 2 1
github.com/rsarv3006/gosh/env.go:121.16,123.3 1 0
github.com/rsarv3006/gosh/env.go:124.2,127.21 3 1
github.com/rsarv3006/gosh/env.go:127.21,129.49 2 1
github.com/rsarv3006/gosh/env.go:129.49,130.12 1 1
github.com/rsarv3006/gosh/env.go:134.3,134.39 1 1
github.com/rsarv3006/gosh/env.go:134.39,136.4 1 1
github.com/rsarv3006/gosh/env.go:136.9,136.48 1 1
github.com/rsarv3006/gosh/env.go:136.48,138.4 1 1
github.com/rsarv3006/gosh/env.go:138.9,138.79 1 1
github.com/rsarv3006/gosh/env.go:138.79,141.4 1 1
github.com/rsarv3006/gosh/env.go:146.62,148.21 2 1
github.com/rsarv3006/gosh/env.go:148.21,150.3 1 1
github.com/rsarv3006/gosh/env.go:152.2,156.74 3 1
github.com/rsarv3006/gosh/env.go:156.74,158.3 1 1
github.com/rsarv3006/gosh/env.go:158.8,158.81 1 1
github.com/rsarv3006/gosh/env.go:158.81,160.3 1 1
github.com/rsarv3006/gosh/env.go:163.2,166.42 2 1
github.com/rsarv3006/gosh/env.go:170.68,172.49 1 1
github.com/rsarv3006/gosh/env.go:172.49,175.3 2 0
github.com/rsarv3006/gosh/env.go:181.52,190.33 3 0
github.com/rsarv3006/gosh/env.go:190.33,191.42 1 0
github.com/rsarv3006/gosh/env.go:191.42,193.9 2 0
github.com/rsarv3006/gosh/env.go:197.2,197.20 1 0
github.com/rsarv3006/gosh/env.go:197.20,199.3 1 0
github.com/rsarv3006/gosh/env.go:202.2,205.16 4 0
github.com/rsarv3006/gosh/env.go:205.16,209.3 2 0
github.com/rsarv3006/gosh/env.go:212.2,216.16 5 0
github.com/rsarv3006/gosh/env.go:216.16,220.3 2 0
github.com/rsarv3006/gosh/env.go:223.2,223.38 1 0
github.com/rsarv3006/gosh/env.go:227.46,232.45 4 0
github.com/rsarv3006/gosh/env.go:232.45,233.45 1 0
github.com/rsarv3006/gosh/env.go:233.45,235.4 1 0
github.com/rsarv3006/gosh/env.go:238.2,238.63 1 0
github.com/rsarv3006/gosh/env.go:238.63,239.46 1 0
github.com/rsarv3006/gosh/env.go:239.46,241.4 1 0
github.com/rsarv3006/gosh/env.go:246.56,248.41 2 1
github.com/rsarv3006/gosh/env.go:248.41,250.3 1 1
github.com/rsarv3006/gosh/env.go:253.2,253.33 1 1
github.com/rsarv3006/gosh/env.go:253.33,255.22 2 1
github.com/rsarv3006/gosh/env.go:255.22,256.60 1 1
github.com/rsarv3006/gosh/env.go:256.60,258.5 1 0
github.com/rsarv3006/gosh/env.go:262.2,262.12 1 1
github.com/rsarv3006/gosh/env.go:266.61,268.29 2 0
github.com/rsarv3006/gosh/env.go:268.29,269.34 1 0
github.com/rsarv3006/gosh/env.go:269.34,271.23 2 0
github.com/rsarv3006/gosh/env.go:271.23,273.5 1 0
github.com/rsarv3006/gosh/env.go:279.68,283.16 3 1
github.com/rsarv3006/gosh/env.go:283.16,285.3 1 0
github.com/rsarv3006/gosh/env.go:286.2,286.16 1 1
github.com/rsarv3006/gosh/env.go:286.16,289.3 2 1
github.com/rsarv3006/gosh/env.go:292.2,293.16 2 1
github.com/rsarv3006/gosh/env.go:293.16,295.3 1 0
github.com/rsarv3006/gosh/env.go:296.2,296.16 1 1
github.com/rsarv3006/gosh/env.go:296.16,298.3 1 1
github.com/rsarv3006/gosh/env.go:301.2,301.39 1 1
github.com/rsarv3006/gosh/env.go:301.39,303.17 2 1
github.com/rsarv3006/gosh/env.go:303.17,305.4 1 0
github.com/rsarv3006/gosh/env.go:306.3,306.53 1 1
github.com/rsarv3006/gosh/env.go:309.2,309.15 1 1
github.com/rsarv3006/gosh/env.go:313.56,317.16 2 1
github.com/rsarv3006/gosh/env.go:317.16,319.3 1 0
github.com/rsarv3006/gosh/env.go:320.2,320.16 1 1
github.com/rsarv3006/gosh/env.go:320.16,322.3 1 1
github.com/rsarv3006/gosh/env.go:325.2,325.28 1 1
github.com/rsarv3006/gosh/env.go:329.55,340.50 2 1
github.com/rsarv3006/gosh/env.go:340.50,341.42 1 1
github.com/rsarv3006/gosh/env.go:341.42,342.54 1 0
github.com/rsarv3006/gosh/env.go:342.54,344.5 1 0
github.com/rsarv3006/gosh/env.go:344.10,346.5 1 0
github.com/rsarv3006/gosh/env.go:351.2,351.49 1 1
github.com/rsarv3006/gosh/env.go:351.49,353.3 1 1
github.com/rsarv3006/gosh/env.go:357.53,360.16 2 1
github.com/rsarv3006/gosh/env.go:360.16,363.40 3 1
github.com/rsarv3006/gosh/env.go:363.40,365.4 1 0
github.com/rsarv3006/gosh/env.go:369.2,369.42 1 1
github.com/rsarv3006/gosh/env.go:369.42,370.50 1 1
github.com/rsarv3006/gosh/env.go:370.50,372.4 1 0
github.com/rsarv3006/gosh/env.go:372.9,375.18 2 1
github.com/rsarv3006/gosh/env.go:375.18,377.5 1 1
github.com/rsarv3006/gosh/env.go:382.2,382.46 1 1
github.com/rsarv3006/gosh/env.go:382.46,383.62 1 1
github.com/rsarv3006/gosh/env.go:383.62,385.4 1 0
github.com/rsarv3006/gosh/env.go:385.9,385.68 1 1
github.com/rsarv3006/gosh/env.go:385.68,387.4 1 1
github.com/rsarv3006/gosh/env.go:391.2,392.17 2 1
github.com/rsarv3006/gosh/env.go:392.17,394.37 2 1
github.com/rsarv3006/gosh/env.go:394.37,396.4 1 0
github.com/rsarv3006/gosh/evaluator.go:37.36,67.16 9 1
github.com/rsarv3006/gosh/evaluator.go:67.16,69.3 1 0
github.com/rsarv3006/gosh/evaluator.go:72.2,74.82 1 1
github.com/rsarv3006/gosh/evaluator.go:74.82,76.38 1 0
github.com/rsarv3006/gosh/evaluator.go:76.38,81.44 3 0
github.com/rsarv3006/gosh/evaluator.go:81.44,83.31 2 0
github.com/rsarv3006/gosh/evaluator.go:83.31,85.8 1 0
github.com/rsarv3006/gosh/evaluator.go:85.13,87.8 1 0
github.com/rsarv3006/gosh/evaluator.go:88.12,88.43 1 0
github.com/rsarv3006/gosh/evaluator.go:88.43,90.7 1 0
github.com/rsarv3006/gosh/evaluator.go:90.12,93.7 2 0
github.com/rsarv3006/gosh/evaluator.go:96.6,96.51 1 0
github.com/rsarv3006/gosh/evaluator.go:96.51,98.7 1 0
github.com/rsarv3006/gosh/evaluator.go:101.6,102.33 2 0
github.com/rsarv3006/gosh/evaluator.go:102.33,104.7 1 0
github.com/rsarv3006/gosh/evaluator.go:105.6,108.51 2 0
github.com/rsarv3006/gosh/evaluator.go:112.5,114.50 3 0
github.com/rsarv3006/gosh/evaluator.go:116.56,120.5 3 0
github.com/rsarv3006/gosh/evaluator.go:121.54,125.5 3 0
github.com/rsarv3006/gosh/evaluator.go:126.54,130.5 3 0
github.com/rsarv3006/gosh/evaluator.go:131.53,135.5 3 0
github.com/rsarv3006/gosh/evaluator.go:136.52,140.5 3 0
github.com/rsarv3006/gosh/evaluator.go:141.56,143.5 1 0
github.com/rsarv3006/gosh/evaluator.go:144.56,146.5 1 0
github.com/rsarv3006/gosh/evaluator.go:147.54,149.5 1 0
github.com/rsarv3006/gosh/evaluator.go:154.2,154.47 1 1
github.com/rsarv3006/gosh/evaluator.go:154.47,156.3 1 0
github.com/rsarv3006/gosh/evaluator.go:158.2,165.18 2 1
github.com/rsarv3006/gosh/evaluator.go:168.82,176.2 5 1
github.com/rsarv3006/gosh/evaluator.go:178.67,180.2 1 0
github.com/rsarv3006/gosh/evaluator.go:182.56,188.29 5 1
github.com/rsarv3006/gosh/evaluator.go:188.29,192.44 3 1
github.com/rsarv3006/gosh/evaluator.go:192.44,193.72 1 1
github.com/rsarv3006/gosh/evaluator.go:193.72,196.5 1 1
github.com/rsarv3006/gosh/evaluator.go:196.10,196.80 1 1
github.com/rsarv3006/gosh/evaluator.go:196.80,199.5 1 0
github.com/rsarv3006/gosh/evaluator.go:199.10,202.13 2 1
github.com/rsarv3006/gosh/evaluator.go:204.9,204.58 1 1
github.com/rsarv3006/gosh/evaluator.go:204.58,207.4 1 0
github.com/rsarv3006/gosh/evaluator.go:207.9,207.40 1 1
github.com/rsarv3006/gosh/evaluator.go:207.40,211.12 3 0
github.com/rsarv3006/gosh/evaluator.go:212.9,212.22 1 1
github.com/rsarv3006/gosh/evaluator.go:212.22,214.72 1 0
github.com/rsarv3006/gosh/evaluator.go:214.72,216.5 1 0
github.com/rsarv3006/gosh/evaluator.go:219.3,219.18 1 1
github.com/rsarv3006/gosh/evaluator.go:219.18,221.4 1 1
github.com/rsarv3006/gosh/evaluator.go:224.2,224.35 1 1
github.com/rsarv3006/gosh/evaluator.go:227.42,229.79 1 1
github.com/rsarv3006/gosh/evaluator.go:229.79,231.3 1 0
github.com/rsarv3006/gosh/evaluator.go:234.2,234.85 1 1
github.com/rsarv3006/gosh/evaluator.go:234.85,236.3 1 0
github.com/rsarv3006/gosh/evaluator.go:238.2,238.12 1 1
github.com/rsarv3006/gosh/evaluator.go:242.75,244.55 1 1
github.com/rsarv3006/gosh/evaluator.go:244.55,246.3 1 1
github.com/rsarv3006/gosh/evaluator.go:249.2,250.16 2 1
github.com/rsarv3006/gosh/evaluator.go:250.16,252.3 1 0
github.com/rsarv3006/gosh/evaluator.go:255.2,278.52 2 1
github.com/rsarv3006/gosh/evaluator.go:278.52,280.3 1 0
github.com/rsarv3006/gosh/evaluator.go:283.2,288.29 4 1
github.com/rsarv3006/gosh/evaluator.go:288.29,290.50 2 1
github.com/rsarv3006/gosh/evaluator.go:290.50,292.4 1 1
github.com/rsarv3006/gosh/evaluator.go:294.2,297.51 2 1
github.com/rsarv3006/gosh/evaluator.go:297.51,299.3 1 0
github.com/rsarv3006/gosh/evaluator.go:302.2,305.12 3 1
github.com/rsarv3006/gosh/evaluator.go:309.50,311.16 2 1
github.com/rsarv3006/gosh/evaluator.go:311.16,313.3 1 0
github.com/rsarv3006/gosh/evaluator.go:314.2,314.63 1 1
github.com/rsarv3006/gosh/evaluator.go:318.53,326.48 2 1
github.com/rsarv3006/gosh/evaluator.go:326.48,327.48 1 1
github.com/rsarv3006/gosh/evaluator.go:327.48,330.18 2 0
github.com/rsarv3006/gosh/evaluator.go:330.18,332.5 1 0
github.com/rsarv3006/gosh/evaluator.go:333.4,333.18 1 0
github.com/rsarv3006/gosh/evaluator.go:337.2,337.11 1 1
github.com/rsarv3006/gosh/evaluator.go:341.48,345.41 2 1
github.com/rsarv3006/gosh/evaluator.go:345.41,347.71 1 1
github.com/rsarv3006/gosh/evaluator.go:347.71,350.4 1 1
github.com/rsarv3006/gosh/evaluator.go:355.104,356.51 1 1
github.com/rsarv3006/gosh/evaluator.go:356.51,358.32 1 0
github.com/rsarv3006/gosh/evaluator.go:358.32,360.24 2 0
github.com/rsarv3006/gosh/evaluator.go:360.24,362.5 1 0
github.com/rsarv3006/gosh/evaluator.go:363.4,363.31 1 0
github.com/rsarv3006/gosh/evaluator.go:366.2,366.71 1 1
github.com/rsarv3006/gosh/evaluator.go:369.57,372.15 2 1
github.com/rsarv3006/gosh/evaluator.go:372.15,374.3 1 1
github.com/rsarv3006/gosh/evaluator.go:377.2,381.132 2 1
github.com/rsarv3006/gosh/evaluator.go:381.132,384.33 3 1
github.com/rsarv3006/gosh/evaluator.go:384.33,386.38 2 1
github.com/rsarv3006/gosh/evaluator.go:386.38,388.5 1 1
github.com/rsarv3006/gosh/evaluator.go:392.3,393.20 2 1
github.com/rsarv3006/gosh/evaluator.go:393.21,396.4 0 1
github.com/rsarv3006/gosh/evaluator.go:398.3,399.17 2 1
github.com/rsarv3006/gosh/evaluator.go:399.17,402.24 2 0
github.com/rsarv3006/gosh/evaluator.go:402.24,404.40 1 0
github.com/rsarv3006/gosh/evaluator.go:404.40,406.63 2 0
github.com/rsarv3006/gosh/evaluator.go:406.63,409.28 2 0
github.com/rsarv3006/gosh/evaluator.go:409.28,411.33 2 0
github.com/rsarv3006/gosh/evaluator.go:411.33,413.9 1 0
github.com/rsarv3006/gosh/evaluator.go:413.14,415.54 1 0
github.com/rsarv3006/gosh/evaluator.go:415.54,417.10 1 0
github.com/rsarv3006/gosh/evaluator.go:418.9,418.20 1 0
github.com/rsarv3006/gosh/evaluator.go:420.13,422.8 1 0
github.com/rsarv3006/gosh/evaluator.go:423.12,423.94 1 0
github.com/rsarv3006/gosh/evaluator.go:423.94,426.7 1 0
github.com/rsarv3006/gosh/evaluator.go:426.12,428.7 1 0
github.com/rsarv3006/gosh/evaluator.go:429.11,431.6 1 0
github.com/rsarv3006/gosh/evaluator.go:432.10,434.5 1 0
github.com/rsarv3006/gosh/evaluator.go:435.4,439.5 1 0
github.com/rsarv3006/gosh/evaluator.go:445.2,472.9 12 1
github.com/rsarv3006/gosh/evaluator.go:472.9,473.16 1 1
github.com/rsarv3006/gosh/evaluator.go:473.16,474.32 1 1
github.com/rsarv3006/gosh/evaluator.go:474.32,476.31 1 0
github.com/rsarv3006/gosh/evaluator.go:476.31,478.6 1 0
github.com/rsarv3006/gosh/evaluator.go:478.11,480.6 1 0
github.com/rsarv3006/gosh/evaluator.go:483.3,483.45 1 1
github.com/rsarv3006/gosh/evaluator.go:487.2,499.102 8 1
github.com/rsarv3006/gosh/evaluator.go:499.102,504.80 2 1
github.com/rsarv3006/gosh/evaluator.go:504.80,505.23 1 0
github.com/rsarv3006/gosh/evaluator.go:505.23,507.68 2 0
github.com/rsarv3006/gosh/evaluator.go:507.68,509.6 1 0
github.com/rsarv3006/gosh/evaluator.go:514.3,514.39 1 1
github.com/rsarv3006/gosh/evaluator.go:514.40,516.4 0 0
github.com/rsarv3006/gosh/evaluator.go:516.9,516.49 1 1
github.com/rsarv3006/gosh/evaluator.go:516.50,518.4 0 0
github.com/rsarv3006/gosh/evaluator.go:518.9,518.72 1 1
github.com/rsarv3006/gosh/evaluator.go:518.73,520.4 0 0
github.com/rsarv3006/gosh/evaluator.go:520.9,524.73 2 1
github.com/rsarv3006/gosh/evaluator.go:524.73,526.5 1 0
github.com/rsarv3006/gosh/evaluator.go:526.10,526.52 1 1
github.com/rsarv3006/gosh/evaluator.go:526.52,528.5 1 0
github.com/rsarv3006/gosh/evaluator.go:528.10,530.5 1 1
github.com/rsarv3006/gosh/evaluator.go:532.4,532.19 1 1
github.com/rsarv3006/gosh/evaluator.go:532.19,535.65 2 1
github.com/rsarv3006/gosh/evaluator.go:535.65,537.27 2 0
github.com/rsarv3006/gosh/evaluator.go:537.27,539.32 2 0
github.com/rsarv3006/gosh/evaluator.go:539.32,541.8 1 0
github.com/rsarv3006/gosh/evaluator.go:541.13,543.8 1 0
github.com/rsarv3006/gosh/evaluator.go:544.12,546.7 1 0
github.com/rsarv3006/gosh/evaluator.go:547.11,547.99 1 1
github.com/rsarv3006/gosh/evaluator.go:547.99,549.6 1 0
github.com/rsarv3006/gosh/evaluator.go:549.11,551.6 1 1
github.com/rsarv3006/gosh/evaluator.go:556.2,559.16 3 1
github.com/rsarv3006/gosh/evaluator.go:559.16,562.19 2 1
github.com/rsarv3006/gosh/evaluator.go:562.19,564.61 1 1
github.com/rsarv3006/gosh/evaluator.go:564.61,566.5 1 0
github.com/rsarv3006/gosh/evaluator.go:566.10,566.70 1 1
github.com/rsarv3006/gosh/evaluator.go:566.70,568.5 1 0
github.com/rsarv3006/gosh/evaluator.go:568.10,570.5 1 1
github.com/rsarv3006/gosh/evaluator.go:574.2,578.3 1 1
github.com/rsarv3006/gosh/evaluator.go:582.69,584.15 1 1
github.com/rsarv3006/gosh/evaluator.go:584.15,585.31 1 1
github.com/rsarv3006/gosh/evaluator.go:585.31,589.4 3 0
github.com/rsarv3006/gosh/evaluator.go:592.2,592.21 1 1
github.com/rsarv3006/gosh/evaluator.go:596.76,602.2 3 1
github.com/rsarv3006/gosh/evaluator.go:605.33,606.11 1 1
github.com/rsarv3006/gosh/evaluator.go:606.11,608.3 1 1
github.com/rsarv3006/gosh/evaluator.go:609.2,609.10 1 1
github.com/rsarv3006/gosh/evaluator.go:615.81,616.6 1 1
github.com/rsarv3006/gosh/evaluator.go:616.6,618.18 2 1
github.com/rsarv3006/gosh/evaluator.go:618.18,619.9 1 1
github.com/rsarv3006/gosh/evaluator.go:623.3,625.42 3 1
github.com/rsarv3006/gosh/evaluator.go:625.42,626.22 1 1
github.com/rsarv3006/gosh/evaluator.go:626.22,628.5 1 0
github.com/rsarv3006/gosh/evaluator.go:628.10,628.29 1 1
github.com/rsarv3006/gosh/evaluator.go:628.29,630.19 2 1
github.com/rsarv3006/gosh/evaluator.go:630.19,632.11 2 1
github.com/rsarv3006/gosh/evaluator.go:637.3,637.16 1 1
github.com/rsarv3006/gosh/evaluator.go:637.16,638.9 1 0
github.com/rsarv3006/gosh/evaluator.go:642.3,646.22 3 1
github.com/rsarv3006/gosh/evaluator.go:646.22,648.12 2 0
github.com/rsarv3006/gosh/evaluator.go:650.3,660.46 6 1
github.com/rsarv3006/gosh/evaluator.go:663.2,663.13 1 1
github.com/rsarv3006/gosh/evaluator.go:667.71,668.6 1 1
github.com/rsarv3006/gosh/evaluator.go:668.6,670.18 2 1
github.com/rsarv3006/gosh/evaluator.go:670.18,671.9 1 1
github.com/rsarv3006/gosh/evaluator.go:675.3,677.42 3 1
github.com/rsarv3006/gosh/evaluator.go:677.42,678.22 1 1
github.com/rsarv3006/gosh/evaluator.go:678.22,680.5 1 0
github.com/rsarv3006/gosh/evaluator.go:680.10,680.29 1 1
github.com/rsarv3006/gosh/evaluator.go:680.29,682.19 2 1
github.com/rsarv3006/gosh/evaluator.go:682.19,684.11 2 1
github.com/rsarv3006/gosh/evaluator.go:689.3,689.16 1 1
github.com/rsarv3006/gosh/evaluator.go:689.16,690.9 1 0
github.com/rsarv3006/gosh/evaluator.go:694.3,699.22 3 1
github.com/rsarv3006/gosh/evaluator.go:699.22,701.12 2 0
github.com/rsarv3006/gosh/evaluator.go:703.3,717.60 10 1
github.com/rsarv3006/gosh/evaluator.go:720.2,720.13 1 1
github.com/rsarv3006/gosh/evaluator.go:723.43,725.18 1 1
github.com/rsarv3006/gosh/evaluator.go:726.22,727.20 1 1
github.com/rsarv3006/gosh/evaluator.go:728.78,729.36 1 1
github.com/rsarv3006/gosh/evaluator.go:730.83,731.37 1 0
github.com/rsarv3006/gosh/evaluator.go:732.40,733.38 1 0
github.com/rsarv3006/gosh/evaluator.go:734.20,735.37 1 0
github.com/rsarv3006/gosh/evaluator.go:736.36,737.42 1 0
github.com/rsarv3006/gosh/evaluator.go:738.10,739.42 1 0
github.com/rsarv3006/gosh/evaluator.go:744.84,749.56 2 0
github.com/rsarv3006/gosh/evaluator.go:749.56,751.3 1 0
github.com/rsarv3006/gosh/evaluator.go:753.2,754.12 2 0
github.com/rsarv3006/gosh/lsp_client_wrapper.go:49.53,51.2 1 0
github.com/rsarv3006/gosh/lsp_client_wrapper.go:56.53,60.47 3 0
github.com/rsarv3006/gosh/lsp_client_wrapper.go:60.47,62.3 1 0
github.com/rsarv3006/gosh/lsp_client_wrapper.go:64.2,64.75 1 0
github.com/rsarv3006/gosh/lsp_client_wrapper.go:64.75,66.3 1 0
github.com/rsarv3006/gosh/lsp_client_wrapper.go:68.2,68.12 1 0
github.com/rsarv3006/gosh/lsp_client_wrapper.go:117.55,123.12 2 1
github.com/rsarv3006/gosh/lsp_client_wrapper.go:123.12,124.76 1 1
github.com/rsarv3006/gosh/lsp_client_wrapper.go:124.76,126.4 1 0
github.com/rsarv3006/gosh/lsp_client_wrapper.go:129.2,135.16 4 1
github.com/rsarv3006/gosh/lsp_client_wrapper.go:135.16,137.3 1 0
github.com/rsarv3006/gosh/lsp_client_wrapper.go:139.2,140.16 2 1
github.com/rsarv3006/gosh/lsp_client_wrapper.go:140.16,142.3 1 0
github.com/rsarv3006/gosh/lsp_client_wrapper.go:144.2,145.16 2 1
github.com/rsarv3006/gosh/lsp_client_wrapper.go:145.16,147.3 1 0
github.com/rsarv3006/gosh/lsp_client_wrapper.go:150.2,151.16 2 1
github.com/rsarv3006/gosh/lsp_client_wrapper.go:151.16,153.3 1 0
github.com/rsarv3006/gosh/lsp_client_wrapper.go:155.2,169.36 3 1
github.com/rsarv3006/gosh/lsp_client_wrapper.go:169.36,171.3 1 0
github.com/rsarv3006/gosh/lsp_client_wrapper.go:174.2,180.45 3 1
github.com/rsarv3006/gosh/lsp_client_wrapper.go:180.45,183.3 2 1
github.com/rsarv3006/gosh/lsp_client_wrapper.go:185.2,190.21 5 0
github.com/rsarv3006/gosh/lsp_client_wrapper.go:194.43,198.2 3 0
github.com/rsarv3006/gosh/lsp_client_wrapper.go:201.61,205.2 3 0
github.com/rsarv3006/gosh/lsp_client_wrapper.go:208.94,231.17 4 0
github.com/rsarv3006/gosh/lsp_client_wrapper.go:231.17,233.3 1 0
github.com/rsarv3006/gosh/lsp_client_wrapper.go:236.2,241.44 3 0
github.com/rsarv3006/gosh/lsp_client_wrapper.go:241.44,243.3 1 0
github.com/rsarv3006/gosh/lsp_client_wrapper.go:246.2,265.16 7 0
github.com/rsarv3006/gosh/lsp_client_wrapper.go:265.16,267.3 1 0
github.com/rsarv3006/gosh/lsp_client_wrapper.go:269.2,269.19 1 0
github.com/rsarv3006/gosh/lsp_client_wrapper.go:273.90,281.40 4 0
github.com/rsarv3006/gosh/lsp_client_wrapper.go:281.40,283.58 1 0
github.com/rsarv3006/gosh/lsp_client_wrapper.go:283.58,285.4 1 0
github.com/rsarv3006/gosh/lsp_client_wrapper.go:285.9,288.4 1 0
github.com/rsarv3006/gosh/lsp_client_wrapper.go:292.2,292.31 1 0
github.com/rsarv3006/gosh/lsp_client_wrapper.go:292.31,294.3 1 0
github.com/rsarv3006/gosh/lsp_client_wrapper.go:297.2,297.23 1 0
github.com/rsarv3006/gosh/lsp_client_wrapper.go:297.23,299.3 1 0
github.com/rsarv3006/gosh/lsp_client_wrapper.go:302.2,305.44 2 0
github.com/rsarv3006/gosh/lsp_client_wrapper.go:305.44,307.3 1 0
github.com/rsarv3006/gosh/lsp_client_wrapper.go:310.2,310.23 1 0
github.com/rsarv3006/gosh/lsp_client_wrapper.go:310.23,312.3 1 0
github.com/rsarv3006/gosh/lsp_client_wrapper.go:314.2,319.16 3 0
github.com/rsarv3006/gosh/lsp_client_wrapper.go:323.97,344.47 10 0
github.com/rsarv3006/gosh/lsp_client_wrapper.go:344.47,346.3 1 0
github.com/rsarv3006/gosh/lsp_client_wrapper.go:348.2,351.9 2 0
github.com/rsarv3006/gosh/lsp_client_wrapper.go:352.34,354.28 2 0
github.com/rsarv3006/gosh/lsp_client_wrapper.go:354.28,356.4 1 0
github.com/rsarv3006/gosh/lsp_client_wrapper.go:359.3,360.17 2 0
github.com/rsarv3006/gosh/lsp_client_wrapper.go:360.17,362.4 1 0
github.com/rsarv3006/gosh/lsp_client_wrapper.go:364.3,365.70 2 0
github.com/rsarv3006/gosh/lsp_client_wrapper.go:365.70,367.4 1 0
github.com/rsarv3006/gosh/lsp_client_wrapper.go:369.3,370.35 2 0
github.com/rsarv3006/gosh/lsp_client_wrapper.go:372.37,373.57 1 0
github.com/rsarv3006/gosh/lsp_client_wrapper.go:378.66,380.16 2 1
github.com/rsarv3006/gosh/lsp_client_wrapper.go:380.16,382.3 1 0
github.com/rsarv3006/gosh/lsp_client_wrapper.go:385.2,390.59 4 1
github.com/rsarv3006/gosh/lsp_client_wrapper.go:390.59,392.3 1 0
github.com/rsarv3006/gosh/lsp_client_wrapper.go:395.2,395.47 1 1
github.com/rsarv3006/gosh/lsp_client_wrapper.go:395.47,397.3 1 0
github.com/rsarv3006/gosh/lsp_client_wrapper.go:399.2,400.12 2 1
github.com/rsarv3006/gosh/lsp_client_wrapper.go:404.43,407.6 2 1
github.com/rsarv3006/gosh/lsp_client_wrapper.go:407.6,410.17 2 1
github.com/rsarv3006/gosh/lsp_client_wrapper.go:410.17,411.21 1 1
github.com/rsarv3006/gosh/lsp_client_wrapper.go:411.21,413.5 1 0
github.com/rsarv3006/gosh/lsp_client_wrapper.go:414.4,414.9 1 1
github.com/rsarv3006/gosh/lsp_client_wrapper.go:417.3,418.49 2 1
github.com/rsarv3006/gosh/lsp_client_wrapper.go:418.49,421.18 3 1
github.com/rsarv3006/gosh/lsp_client_wrapper.go:421.18,423.13 2 0
github.com/rsarv3006/gosh/lsp_client_wrapper.go:427.4,427.53 1 1
github.com/rsarv3006/gosh/lsp_client_wrapper.go:427.53,429.13 2 0
github.com/rsarv3006/gosh/lsp_client_wrapper.go:433.4,435.27 3 1
github.com/rsarv3006/gosh/lsp_client_wrapper.go:435.27,437.19 2 1
github.com/rsarv3006/gosh/lsp_client_wrapper.go:437.19,439.11 2 0
github.com/rsarv3006/gosh/lsp_client_wrapper.go:441.5,441.19 1 1
github.com/rsarv3006/gosh/lsp_client_wrapper.go:444.4,444.27 1 1
github.com/rsarv3006/gosh/lsp_client_wrapper.go:444.27,446.5 1 1
github.com/rsarv3006/gosh/lsp_client_wrapper.go:452.56,457.56 3 1
github.com/rsarv3006/gosh/lsp_client_wrapper.go:457.56,460.3 2 0
github.com/rsarv3006/gosh/lsp_client_wrapper.go:463.2,463.22 1 1
github.com/rsarv3006/gosh/lsp_client_wrapper.go:463.22,467.3 2 0
github.com/rsarv3006/gosh/lsp_client_wrapper.go:470.2,471.60 2 1
github.com/rsarv3006/gosh/lsp_client_wrapper.go:471.60,476.10 3 0
github.com/rsarv3006/gosh/lsp_client_wrapper.go:477.34,478.70 1 0
github.com/rsarv3006/gosh/lsp_client_wrapper.go:479.11,480.73 1 0
github.com/rsarv3006/gosh/lsp_client_wrapper.go:482.8,485.3 2 1
github.com/rsarv3006/gosh/lsp_client_wrapper.go:489.41,491.21 2 1
github.com/rsarv3006/gosh/lsp_client_wrapper.go:491.21,493.3 1 0
github.com/rsarv3006/gosh/lsp_client_wrapper.go:497.47,500.16 2 1
github.com/rsarv3006/gosh/lsp_client_wrapper.go:500.16,502.3 1 1
github.com/rsarv3006/gosh/lsp_client_wrapper.go:504.2,525.16 3 0
github.com/rsarv3006/gosh/lsp_client_wrapper.go:525.16,527.3 1 0
github.com/rsarv3006/gosh/lsp_client_wrapper.go:529.2,538.45 3 0
github.com/rsarv3006/gosh/lsp_client_wrapper.go:538.45,540.3 1 0
github.com/rsarv3006/gosh/lsp_client_wrapper.go:543.2,546.20 2 0
github.com/rsarv3006/gosh/lsp_client_wrapper.go:546.20,561.18 3 0
github.com/rsarv3006/gosh/lsp_client_wrapper.go:561.18,563.4 1 0
github.com/rsarv3006/gosh/lsp_client_wrapper.go:565.3,568.37 2 0
github.com/rsarv3006/gosh/lsp_client_wrapper.go:571.2,571.12 1 0
github.com/rsarv3006/gosh/lsp_client_wrapper.go:575.45,580.42 4 1
github.com/rsarv3006/gosh/lsp_client_wrapper.go:580.42,586.18 1 1
github.com/rsarv3006/gosh/lsp_client_wrapper.go:586.18,588.4 1 0
github.com/rsarv3006/gosh/lsp_client_wrapper.go:591.3,597.38 2 1
github.com/rsarv3006/gosh/lsp_client_wrapper.go:597.38,599.4 1 0
github.com/rsarv3006/gosh/lsp_client_wrapper.go:603.2,605.12 2 1
github.com/rsarv3006/gosh/lsp_client_wrapper.go:609.75,612.32 2 0
github.com/rsarv3006/gosh/lsp_client_wrapper.go:612.32,619.3 2 0
github.com/rsarv3006/gosh/lsp_client_wrapper.go:621.2,621.20 1 0
github.com/rsarv3006/gosh/lsp_client_wrapper.go:627.85,629.16 2 1
github.com/rsarv3006/gosh/lsp_client_wrapper.go:629.16,631.3 1 0
github.com/rsarv3006/gosh/lsp_client_wrapper.go:633.2,640.28 3 1
github.com/rsarv3006/gosh/lsp_client_wrapper.go:640.28,641.17 1 1
github.com/rsarv3006/gosh/lsp_client_wrapper.go:641.17,642.12 1 1
github.com/rsarv3006/gosh/lsp_client_wrapper.go:644.3,645.91 2 1
github.com/rsarv3006/gosh/lsp_client_wrapper.go:645.91,647.18 2 1
github.com/rsarv3006/gosh/lsp_client_wrapper.go:647.18,648.13 1 0
github.com/rsarv3006/gosh/lsp_client_wrapper.go:650.4,650.109 1 1
github.com/rsarv3006/gosh/lsp_client_wrapper.go:654.2,654.34 1 1
github.com/rsarv3006/gosh/lsp_client_wrapper.go:654.34,656.3 1 1
github.com/rsarv3006/gosh/lsp_client_wrapper.go:659.2,659.45 1 0
github.com/rsarv3006/gosh/lsp_client_wrapper.go:659.45,661.3 1 0
github.com/rsarv3006/gosh/lsp_client_wrapper.go:664.2,665.53 2 0
github.com/rsarv3006/gosh/lsp_client_wrapper.go:665.53,667.30 2 0
github.com/rsarv3006/gosh/lsp_client_wrapper.go:667.30,670.4 2 0
github.com/rsarv3006/gosh/lsp_client_wrapper.go:673.2,673.12 1 0
github.com/rsarv3006/gosh/main.go:15.13,16.22 1 0
github.com/rsarv3006/gosh/main.go:16.22,17.21 1 0
github.com/rsarv3006/gosh/main.go:18.26,20.14 2 0
github.com/rsarv3006/gosh/main.go:21.23,31.14 10 0
github.com/rsarv3006/gosh/main.go:32.13,34.24 1 0
github.com/rsarv3006/gosh/main.go:34.24,37.5 2 0
github.com/rsarv3006/gosh/main.go:38.4,48.49 8 0
github.com/rsarv3006/gosh/main.go:48.49,50.5 1 0
github.com/rsarv3006/gosh/main.go:53.4,53.42 1 0
github.com/rsarv3006/gosh/main.go:53.42,58.5 4 0
github.com/rsarv3006/gosh/main.go:58.10,61.24 2 0
github.com/rsarv3006/gosh/main.go:61.24,63.6 1 0
github.com/rsarv3006/gosh/main.go:64.5,66.29 3 0
github.com/rsarv3006/gosh/main.go:71.2,82.49 8 0
github.com/rsarv3006/gosh/main.go:82.49,83.48 1 0
github.com/rsarv3006/gosh/main.go:83.48,86.4 2 0
github.com/rsarv3006/gosh/main.go:86.9,88.4 1 0
github.com/rsarv3006/gosh/main.go:89.8,91.3 1 0
github.com/rsarv3006/gosh/main.go:92.2,96.47 3 0
github.com/rsarv3006/gosh/main.go:96.47,98.3 1 0
github.com/rsarv3006/gosh/main.go:101.2,102.35 2 0
github.com/rsarv3006/gosh/main.go:102.35,105.3 2 0
github.com/rsarv3006/gosh/main.go:107.2,107.12 1 0
github.com/rsarv3006/gosh/model.go:27.123,50.2 9 0
github.com/rsarv3006/gosh/model.go:52.31,54.2 1 0
github.com/rsarv3006/gosh/model.go:56.57,57.27 1 0
github.com/rsarv3006/gosh/model.go:58.25,62.16 4 0
github.com/rsarv3006/gosh/model.go:64.18,65.19 1 0
github.com/rsarv3006/gosh/model.go:66.35,68.22 2 0
github.com/rsarv3006/gosh/model.go:70.21,71.26 1 0
github.com/rsarv3006/gosh/model.go:72.31,73.36 1 0
github.com/rsarv3006/gosh/model.go:77.2,80.15 4 0
github.com/rsarv3006/gosh/model.go:83.51,85.17 2 0
github.com/rsarv3006/gosh/model.go:85.17,87.3 1 0
github.com/rsarv3006/gosh/model.go:89.2,94.20 4 0
github.com/rsarv3006/gosh/model.go:94.20,98.3 3 0
github.com/rsarv3006/gosh/model.go:99.2,99.20 1 0
github.com/rsarv3006/gosh/model.go:99.20,103.3 3 0
github.com/rsarv3006/gosh/model.go:106.2,106.52 1 0
github.com/rsarv3006/gosh/model.go:106.52,110.3 3 0
github.com/rsarv3006/gosh/model.go:113.2,116.15 3 0
github.com/rsarv3006/gosh/model.go:119.72,120.33 1 0
github.com/rsarv3006/gosh/model.go:120.33,122.3 1 0
github.com/rsarv3006/gosh/model.go:124.2,124.26 1 0
github.com/rsarv3006/gosh/model.go:124.26,125.46 1 0
github.com/rsarv3006/gosh/model.go:125.46,127.4 1 0
github.com/rsarv3006/gosh/model.go:128.8,129.23 1 0
github.com/rsarv3006/gosh/model.go:129.23,131.4 1 0
github.com/rsarv3006/gosh/model.go:131.9,133.4 1 0
github.com/rsarv3006/gosh/model.go:136.2,140.15 4 0
github.com/rsarv3006/gosh/model.go:143.50,148.33 3 0
github.com/rsarv3006/gosh/model.go:148.33,149.53 1 0
github.com/rsarv3006/gosh/model.go:149.53,152.4 2 0
github.com/rsarv3006/gosh/model.go:156.2,156.30 1 0
github.com/rsarv3006/gosh/model.go:156.30,158.3 1 0
github.com/rsarv3006/gosh/model.go:158.8,163.20 3 0
github.com/rsarv3006/gosh/model.go:164.25,165.46 1 0
github.com/rsarv3006/gosh/model.go:166.25,167.56 1 0
github.com/rsarv3006/gosh/model.go:168.11,169.96 1 0
github.com/rsarv3006/gosh/model.go:174.2,174.47 1 0
github.com/rsarv3006/gosh/model.go:174.47,180.3 4 0
github.com/rsarv3006/gosh/model.go:183.2,192.25 3 0
github.com/rsarv3006/gosh/model.go:192.25,195.3 2 0
github.com/rsarv3006/gosh/model.go:197.2,197.11 1 0
github.com/rsarv3006/gosh/model.go:200.30,201.16 1 0
github.com/rsarv3006/gosh/model.go:201.16,203.3 1 0
github.com/rsarv3006/gosh/model.go:205.2,207.20 2 0
github.com/rsarv3006/gosh/model.go:207.20,209.3 1 0
github.com/rsarv3006/gosh/model.go:211.2,213.20 2 0
github.com/rsarv3006/gosh/model.go:221.36,227.31 4 1
github.com/rsarv3006/gosh/model.go:227.31,229.3 1 1
github.com/rsarv3006/gosh/model.go:232.2,234.31 3 1
github.com/rsarv3006/gosh/model.go:234.31,236.3 1 1
github.com/rsarv3006/gosh/model.go:239.2,241.35 3 1
github.com/rsarv3006/gosh/model.go:241.35,243.3 1 1
github.com/rsarv3006/gosh/model.go:246.2,252.34 1 1
github.com/rsarv3006/gosh/model.go:252.34,254.3 1 1
github.com/rsarv3006/gosh/model.go:256.2,256.13 1 1
github.com/rsarv3006/gosh/model.go:260.49,263.36 2 1
github.com/rsarv3006/gosh/model.go:263.36,265.3 1 1
github.com/rsarv3006/gosh/model.go:267.2,268.21 2 1
github.com/rsarv3006/gosh/model.go:268.21,270.3 1 0
github.com/rsarv3006/gosh/model.go:272.2,275.73 2 1
github.com/rsarv3006/gosh/model.go:275.73,277.3 1 1
github.com/rsarv3006/gosh/model.go:280.2,280.63 1 0
github.com/rsarv3006/gosh/model.go:280.63,282.3 1 0
github.com/rsarv3006/gosh/model.go:284.2,284.14 1 0
github.com/rsarv3006/gosh/os_exec_stdlib.go:10.64,17.2 1 0
github.com/rsarv3006/gosh/router.go:18.69,20.2 1 1
github.com/rsarv3006/gosh/router.go:23.68,25.17 2 1
github.com/rsarv3006/gosh/router.go:25.17,27.3 1 1
github.com/rsarv3006/gosh/router.go:29.2,32.35 2 1
github.com/rsarv3006/gosh/router.go:32.35,34.3 1 1
github.com/rsarv3006/gosh/router.go:37.2,37.40 1 1
github.com/rsarv3006/gosh/router.go:40.62,46.29 5 1
github.com/rsarv3006/gosh/router.go:46.29,47.10 1 1
github.com/rsarv3006/gosh/router.go:48.72,49.16 1 0
github.com/rsarv3006/gosh/router.go:49.16,52.5 2 0
github.com/rsarv3006/gosh/router.go:52.10,52.32 1 0
github.com/rsarv3006/gosh/router.go:52.32,55.5 2 0
github.com/rsarv3006/gosh/router.go:55.10,57.5 1 0
github.com/rsarv3006/gosh/router.go:58.32,59.25 1 1
github.com/rsarv3006/gosh/router.go:59.25,62.5 2 1
github.com/rsarv3006/gosh/router.go:63.11,64.27 1 1
github.com/rsarv3006/gosh/router.go:68.2,68.23 1 1
github.com/rsarv3006/gosh/router.go:68.23,70.3 1 1
github.com/rsarv3006/gosh/router.go:72.2,72.20 1 1
github.com/rsarv3006/gosh/router.go:72.20,74.3 1 0
github.com/rsarv3006/gosh/router.go:76.2,76.26 1 1
github.com/rsarv3006/gosh/session.go:22.38,24.16 2 1
github.com/rsarv3006/gosh/session.go:24.16,26.3 1 0
github.com/rsarv3006/gosh/session.go:28.2,39.16 4 1
github.com/rsarv3006/gosh/session.go:39.16,41.3 1 0
github.com/rsarv3006/gosh/session.go:43.2,45.10 2 1
github.com/rsarv3006/gosh/session.go:48.38,50.16 2 1
github.com/rsarv3006/gosh/session.go:50.16,52.3 1 0
github.com/rsarv3006/gosh/session.go:54.2,55.54 2 1
github.com/rsarv3006/gosh/session.go:55.54,57.3 1 1
github.com/rsarv3006/gosh/session.go:60.44,62.16 2 1
github.com/rsarv3006/gosh/session.go:62.16,64.3 1 0
github.com/rsarv3006/gosh/session.go:65.2,65.48 1 1
github.com/rsarv3006/gosh/session.go:68.55,70.27 2 1
github.com/rsarv3006/gosh/session.go:70.27,72.3 1 1
github.com/rsarv3006/gosh/session.go:73.2,73.17 1 1
github.com/rsarv3006/gosh/session.go:76.43,77.22 1 1
github.com/rsarv3006/gosh/session.go:77.22,79.3 1 1
github.com/rsarv3006/gosh/session.go:80.2,80.13 1 1
github.com/rsarv3006/gosh/session.go:83.55,85.2 1 1
github.com/rsarv3006/gosh/shell.go:11.60,15.27 4 0
github.com/rsarv3006/gosh/shell.go:15.27,18.3 2 0
github.com/rsarv3006/gosh/shell.go:19.2,21.29 2 0
github.com/rsarv3006/gosh/shell.go:24.51,30.2 5 0
github.com/rsarv3006/gosh/spawner.go:17.59,19.2 1 1
github.com/rsarv3006/gosh/spawner.go:21.81,27.17 3 1
github.com/rsarv3006/gosh/spawner.go:27.17,30.23 2 0
github.com/rsarv3006/gosh/spawner.go:30.23,32.29 2 0
github.com/rsarv3006/gosh/spawner.go:32.29,34.87 1 0
github.com/rsarv3006/gosh/spawner.go:34.87,36.6 1 0
github.com/rsarv3006/gosh/spawner.go:38.4,38.38 1 0
github.com/rsarv3006/gosh/spawner.go:38.38,40.5 1 0
github.com/rsarv3006/gosh/spawner.go:41.4,41.33 1 0
github.com/rsarv3006/gosh/spawner.go:41.33,43.5 1 0
github.com/rsarv3006/gosh/spawner.go:44.4,44.37 1 0
github.com/rsarv3006/gosh/spawner.go:44.37,46.5 1 0
github.com/rsarv3006/gosh/spawner.go:47.4,47.43 1 0
github.com/rsarv3006/gosh/spawner.go:47.43,49.5 1 0
github.com/rsarv3006/gosh/spawner.go:50.9,53.4 2 0
github.com/rsarv3006/gosh/spawner.go:55.3,57.23 3 0
github.com/rsarv3006/gosh/spawner.go:58.8,58.28 1 1
github.com/rsarv3006/gosh/spawner.go:58.28,65.3 6 0
github.com/rsarv3006/gosh/spawner.go:65.8,65.48 1 1
github.com/rsarv3006/gosh/spawner.go:65.48,69.23 3 0
github.com/rsarv3006/gosh/spawner.go:69.23,70.38 1 0
github.com/rsarv3006/gosh/spawner.go:70.38,72.5 1 0
github.com/rsarv3006/gosh/spawner.go:75.3,78.23 4 0
github.com/rsarv3006/gosh/spawner.go:79.8,84.3 4 1
github.com/rsarv3006/gosh/spawner.go:86.2,93.16 6 1
github.com/rsarv3006/gosh/spawner.go:93.16,94.49 1 0
github.com/rsarv3006/gosh/spawner.go:94.49,96.4 1 0
github.com/rsarv3006/gosh/spawner.go:96.9,98.4 1 0
github.com/rsarv3006/gosh/spawner.go:101.2,103.22 2 1
github.com/rsarv3006/gosh/spawner.go:103.22,104.19 1 0
github.com/rsarv3006/gosh/spawner.go:104.19,106.4 1 0
github.com/rsarv3006/gosh/spawner.go:107.3,107.28 1 0
github.com/rsarv3006/gosh/spawner.go:110.2,114.3 1 1
github.com/rsarv3006/gosh/spawner.go:117.92,120.39 2 0
github.com/rsarv3006/gosh/spawner.go:120.39,121.81 1 0
github.com/rsarv3006/gosh/spawner.go:121.81,123.4 1 0
github.com/rsarv3006/gosh/spawner.go:126.2,129.41 3 0
github.com/rsarv3006/gosh/spawner.go:129.41,130.36 1 0
github.com/rsarv3006/gosh/spawner.go:130.36,132.4 1 0
github.com/rsarv3006/gosh/spawner.go:133.3,133.42 1 0
github.com/rsarv3006/gosh/spawner.go:133.42,135.4 1 0
github.com/rsarv3006/gosh/spawner.go:136.3,136.32 1 0
github.com/rsarv3006/gosh/spawner.go:136.32,138.4 1 0
github.com/rsarv3006/gosh/spawner.go:139.3,139.39 1 0
github.com/rsarv3006/gosh/spawner.go:139.39,141.4 1 0
github.com/rsarv3006/gosh/spawner.go:143.3,143.22 1 0
github.com/rsarv3006/gosh/spawner.go:143.22,147.29 4 0
github.com/rsarv3006/gosh/spawner.go:147.29,148.90 1 0
github.com/rsarv3006/gosh/spawner.go:148.90,150.11 2 0
github.com/rsarv3006/gosh/spawner.go:153.4,153.21 1 0
github.com/rsarv3006/gosh/spawner.go:153.21,155.5 1 0
github.com/rsarv3006/gosh/spawner.go:158.3,158.23 1 0
github.com/rsarv3006/gosh/spawner.go:158.23,159.38 1 0
github.com/rsarv3006/gosh/spawner.go:159.38,161.5 1 0
github.com/rsarv3006/gosh/spawner.go:165.2,166.27 2 0
github.com/rsarv3006/gosh/spawner.go:166.27,169.33 3 0
github.com/rsarv3006/gosh/spawner.go:169.33,171.4 1 0
github.com/rsarv3006/gosh/spawner.go:172.8,175.33 3 0
github.com/rsarv3006/gosh/spawner.go:175.33,177.4 1 0
github.com/rsarv3006/gosh/spawner.go:180.2,188.16 8 0
github.com/rsarv3006/gosh/spawner.go:188.16,195.3 1 0
github.com/rsarv3006/gosh/spawner.go:197.2,198.15 2 0
github.com/rsarv3006/gosh/spawner.go:198.15,200.3 1 0
github.com/rsarv3006/gosh/spawner.go:202.2,205.16 3 0
github.com/rsarv3006/gosh/spawner.go:205.16,206.49 1 0
github.com/rsarv3006/gosh/spawner.go:206.49,208.4 1 0
github.com/rsarv3006/gosh/spawner.go:208.9,210.4 1 0
github.com/rsarv3006/gosh/spawner.go:213.2,217.3 1 0
github.com/rsarv3006/gosh/spawner.go:220.68,223.46 2 0
github.com/rsarv3006/gosh/spawner.go:223.46,225.43 2 0
github.com/rsarv3006/gosh/spawner.go:225.43,227.4 1 0
github.com/rsarv3006/gosh/spawner.go:230.2,230.15 1 0
github.com/rsarv3006/gosh/spawner.go:233.64,234.19 1 1
github.com/rsarv3006/gosh/spawner.go:234.19,236.3 1 0
github.com/rsarv3006/gosh/spawner.go:238.2,238.50 1 1
github.com/rsarv3006/gosh/spawner.go:238.50,239.16 1 1
github.com/rsarv3006/gosh/spawner.go:239.16,240.12 1 0
github.com/rsarv3006/gosh/spawner.go:242.3,243.46 2 1
github.com/rsarv3006/gosh/spawner.go:243.46,245.4 1 1
github.com/rsarv3006/gosh/spawner.go:248.2,248.18 1 1
github.com/rsarv3006/gosh/spawner.go:251.49,252.24 1 0
github.com/rsarv3006/gosh/spawner.go:252.24,253.36 1 0
github.com/rsarv3006/gosh/spawner.go:253.36,255.4 1 0
github.com/rsarv3006/gosh/spawner.go:257.2,257.14 1 0
github.com/rsarv3006/gosh/spawner.go:260.63,280.30 2 1
github.com/rsarv3006/gosh/spawner.go:280.30,282.3 1 0
github.com/rsarv3006/gosh/spawner.go:284.2,284.39 1 1
github.com/rsarv3006/gosh/spawner.go:284.39,295.3 2 0
github.com/rsarv3006/gosh/spawner.go:297.2,297.61 1 1
github.com/rsarv3006/gosh/spawner.go:297.61,299.3 1 0
github.com/rsarv3006/gosh/spawner.go:301.2,301.14 1 1
github.com/rsarv3006/gosh/state.go:27.34,29.16 2 1
github.com/rsarv3006/gosh/state.go:29.16,31.3 1 1
github.com/rsarv3006/gosh/state.go:33.2,34.33 2 1
github.com/rsarv3006/gosh/state.go:34.33,36.21 2 1
github.com/rsarv3006/gosh/state.go:36.21,38.4 1 1
github.com/rsarv3006/gosh/state.go:41.2,51.14 4 1
github.com/rsarv3006/gosh/state.go:54.50,56.34 2 1
github.com/rsarv3006/gosh/state.go:56.34,58.3 1 1
github.com/rsarv3006/gosh/state.go:59.2,59.12 1 1
github.com/rsarv3006/gosh/state.go:62.41,65.55 2 0
github.com/rsarv3006/gosh/state.go:65.55,67.3 1 0
github.com/rsarv3006/gosh/state.go:69.2,74.18 4 0
github.com/rsarv3006/gosh/state.go:77.48,81.37 3 0
github.com/rsarv3006/gosh/state.go:81.37,84.17 3 0
github.com/rsarv3006/gosh/state.go:84.17,86.4 1 0
github.com/rsarv3006/gosh/state.go:89.2,89.41 1 0
github.com/rsarv3006/gosh/state.go:92.56,99.48 5 0
github.com/rsarv3006/gosh/state.go:99.48,101.3 1 0
github.com/rsarv3006/gosh/state.go:103.2,106.37 3 0
github.com/rsarv3006/gosh/state.go:106.37,109.17 3 0
github.com/rsarv3006/gosh/state.go:109.17,115.4 4 0
github.com/rsarv3006/gosh/state.go:118.2,121.78 3 0
github.com/rsarv3006/gosh/state.go:124.43,126.2 1 0
github.com/rsarv3006/gosh/state.go:128.53,129.17 1 1
github.com/rsarv3006/gosh/state.go:129.17,131.3 1 1
github.com/rsarv3006/gosh/state.go:132.2,132.35 1 1
github.com/rsarv3006/gosh/state.go:132.35,134.3 1 0
github.com/rsarv3006/gosh/state.go:136.2,138.27 2 1
github.com/rsarv3006/gosh/state.go:138.27,140.3 1 0
github.com/rsarv3006/gosh/state.go:142.2,142.29 1 1
github.com/rsarv3006/gosh/state.go:145.36,147.16 2 0
github.com/rsarv3006/gosh/state.go:147.16,149.3 1 0
github.com/rsarv3006/gosh/state.go:151.2,152.34 2 0
github.com/rsarv3006/gosh/state.go:152.34,154.3 1 0
github.com/rsarv3006/gosh/state.go:155.2,155.13 1 0
github.com/rsarv3006/gosh/version.go:7.26,9.2 1 0
github.com/rsarv3006/gosh/yaegi_state_extractor.go:31.70,36.2 1 1
github.com/rsarv3006/gosh/yaegi_state_extractor.go:39.45,40.15 1 1
github.com/rsarv3006/gosh/yaegi_state_extractor.go:40.15,41.31 1 1
github.com/rsarv3006/gosh/yaegi_state_extractor.go:41.31,46.4 3 0
github.com/rsarv3006/gosh/yaegi_state_extractor.go:51.2,51.20 1 1
github.com/rsarv3006/gosh/yaegi_state_extractor.go:55.44,63.15 4 1
github.com/rsarv3006/gosh/yaegi_state_extractor.go:63.15,64.31 1 1
github.com/rsarv3006/gosh/yaegi_state_extractor.go:64.31,67.4 1 1
github.com/rsarv3006/gosh/yaegi_state_extractor.go:70.2,72.43 2 1
github.com/rsarv3006/gosh/yaegi_state_extractor.go:72.43,75.45 2 0
github.com/rsarv3006/gosh/yaegi_state_extractor.go:75.45,76.27 1 0
github.com/rsarv3006/gosh/yaegi_state_extractor.go:76.27,77.13 1 0
github.com/rsarv3006/gosh/yaegi_state_extractor.go:81.4,81.11 1 0
github.com/rsarv3006/gosh/yaegi_state_extractor.go:81.11,82.18 1 0
github.com/rsarv3006/gosh/yaegi_state_extractor.go:82.18,83.34 1 0
github.com/rsarv3006/gosh/yaegi_state_extractor.go:83.35,85.7 0 0
github.com/rsarv3006/gosh/yaegi_state_extractor.go:88.5,89.44 2 0
github.com/rsarv3006/gosh/yaegi_state_extractor.go:93.3,93.39 1 0
github.com/rsarv3006/gosh/yaegi_state_extractor.go:98.97,103.22 2 0
github.com/rsarv3006/gosh/yaegi_state_extractor.go:104.20,106.46 2 0
github.com/rsarv3006/gosh/yaegi_state_extractor.go:107.35,108.47 1 0
github.com/rsarv3006/gosh/yaegi_state_extractor.go:108.47,110.4 1 0
github.com/rsarv3006/gosh/yaegi_state_extractor.go:110.9,113.4 2 0
github.com/rsarv3006/gosh/yaegi_state_extractor.go:114.25,115.21 1 0
github.com/rsarv3006/gosh/yaegi_state_extractor.go:115.21,117.4 1 0
github.com/rsarv3006/gosh/yaegi_state_extractor.go:118.10,120.38 2 0
github.com/rsarv3006/gosh/yaegi_state_extractor.go:123.2,123.13 1 0
github.com/rsarv3006/gosh/yaegi_state_extractor.go:127.73,128.31 1 0
github.com/rsarv3006/gosh/yaegi_state_extractor.go:128.31,130.3 1 0
github.com/rsarv3006/gosh/yaegi_state_extractor.go:132.2,136.38 3 0
github.com/rsarv3006/gosh/yaegi_state_extractor.go:136.38,139.3 2 0
github.com/rsarv3006/gosh/yaegi_state_extractor.go:142.2,143.39 2 0
github.com/rsarv3006/gosh/yaegi_state_extractor.go:143.39,146.3 2 0
github.com/rsarv3006/gosh/yaegi_state_extractor.go:149.2,151.22 3 0
github.com/rsarv3006/gosh/yaegi_state_extractor.go:151.22,153.3 1 0
github.com/rsarv3006/gosh/yaegi_state_extractor.go:155.2,155.55 1 0
github.com/rsarv3006/gosh/yaegi_state_extractor.go:159.85,165.47 4 1
github.com/rsarv3006/gosh/yaegi_state_extractor.go:165.47,166.39 1 0
github.com/rsarv3006/gosh/yaegi_state_extractor.go:166.39,167.46 1 0
github.com/rsarv3006/gosh/yaegi_state_extractor.go:167.46,169.5 1 0
github.com/rsarv3006/gosh/yaegi_state_extractor.go:173.2,173.20 1 1
github.com/rsarv3006/gosh/yaegi_state_extractor.go:177.73,183.47 4 0
github.com/rsarv3006/gosh/yaegi_state_extractor.go:183.47,184.39 1 0
github.com/rsarv3006/gosh/yaegi_state_extractor.go:184.39,185.73 1 0
github.com/rsarv3006/gosh/yaegi_state_extractor.go:185.73,187.5 1 0
github.com/rsarv3006/gosh/yaegi_state_extractor.go:191.2,191.18 1 0
github.com/rsarv3006/gosh/yaegi_state_extractor.go:195.73,201.47 4 1
github.com/rsarv3006/gosh/yaegi_state_extractor.go:201.47,202.39 1 0
github.com/rsarv3006/gosh/yaegi_state_extractor.go:202.39,203.73 1 0
github.com/rsarv3006/gosh/yaegi_state_extractor.go:203.73,205.5 1 0
github.com/rsarv3006/gosh/yaegi_state_extractor.go:209.2,209.18 1 1
github.com/rsarv3006/gosh/yaegi_state_extractor.go:213.69,219.47 4 0
github.com/rsarv3006/gosh/yaegi_state_extractor.go:219.47,220.39 1 0
github.com/rsarv3006/gosh/yaegi_state_extractor.go:220.39,221.69 1 0
github.com/rsarv3006/gosh/yaegi_state_extractor.go:221.69,223.5 1 0
github.com/rsarv3006/gosh/yaegi_state_extractor.go:227.2,227.14 1 0
github.com/rsarv3006/gosh/yaegi_state_extractor.go:231.90,238.60 4 0
github.com/rsarv3006/gosh/yaegi_state_extractor.go:238.60,239.39 1 0
github.com/rsarv3006/gosh/yaegi_state_extractor.go:239.39,240.46 1 0
github.com/rsarv3006/gosh/yaegi_state_extractor.go:240.46,242.5 1 0
github.com/rsarv3006/gosh/yaegi_state_extractor.go:247.2,247.62 1 0
github.com/rsarv3006/gosh/yaegi_state_extractor.go:247.62,248.40 1 0
github.com/rsarv3006/gosh/yaegi_state_extractor.go:248.40,249.46 1 0
github.com/rsarv3006/gosh/yaegi_state_extractor.go:249.46,251.5 1 0
github.com/rsarv3006/gosh/yaegi_state_extractor.go:255.2,255.20 1 0
github.com/rsarv3006/gosh/yaegi_state_extractor.go:259.53,265.37 4 0
github.com/rsarv3006/gosh/yaegi_state_extractor.go:265.37,267.3 1 0
github.com/rsarv3006/gosh/yaegi_state_extractor.go:269.2,269.17 1 0
github.com/rsarv3006/gosh/yaegi_state_extractor.go:273.78,278.2 3 0
